
Gurobi 9.1.1 (linux64, C++) logging started Tue May  4 00:08:19 2021

Academic license - for non-commercial use only - expires 2021-06-30
Gurobi Optimizer version 9.1.1 build v9.1.1rc0 (linux64)
Thread count: 2 physical cores, 2 logical processors, using up to 1 threads
Optimize a model with 4446 rows, 4342 columns and 19396 nonzeros
Model fingerprint: 0x53f0ef9e
Variable types: 4238 continuous, 104 integer (0 binary)
Coefficient statistics:
  Matrix range     [1e+00, 1e+02]
  Objective range  [8e-01, 2e+02]
  Bounds range     [1e+00, 1e+00]
  RHS range        [2e+01, 1e+02]
Presolve removed 160 rows and 107 columns
Presolve time: 0.17s
Presolved: 4286 rows, 4235 columns, 16526 nonzeros
Variable types: 4132 continuous, 103 integer (103 binary)

Root relaxation: objective 9.244198e+03, 2239 iterations, 0.62 seconds

    Nodes    |    Current Node    |     Objective Bounds      |     Work
 Expl Unexpl |  Obj  Depth IntInf | Incumbent    BestBd   Gap | It/Node Time

     0     0 9244.19846    0   77          - 9244.19846      -     -    0s
H    0     0                    14830.000000 9244.19846  37.7%     -    1s
     0     0 9361.90035    0   87 14830.0000 9361.90035  36.9%     -    1s
     0     0 9446.87438    0   89 14830.0000 9446.87438  36.3%     -    1s
     0     0 9448.41319    0   88 14830.0000 9448.41319  36.3%     -    2s
     0     0 9524.25958    0   87 14830.0000 9524.25958  35.8%     -    2s
     0     0 9552.01387    0   88 14830.0000 9552.01387  35.6%     -    2s
     0     0 9552.73936    0   89 14830.0000 9552.73936  35.6%     -    2s
     0     0 9553.01155    0   90 14830.0000 9553.01155  35.6%     -    3s
     0     0 9601.24991    0   90 14830.0000 9601.24991  35.3%     -    3s
     0     0 9608.40288    0   91 14830.0000 9608.40288  35.2%     -    3s
     0     0 9611.14227    0   91 14830.0000 9611.14227  35.2%     -    3s
     0     0 9611.72390    0   91 14830.0000 9611.72390  35.2%     -    3s
     0     0 9611.81350    0   91 14830.0000 9611.81350  35.2%     -    3s
     0     0 9619.47360    0   93 14830.0000 9619.47360  35.1%     -    4s
     0     0 9619.60712    0   93 14830.0000 9619.60712  35.1%     -    4s
     0     0 9629.65889    0   93 14830.0000 9629.65889  35.1%     -    4s
     0     0 9629.68799    0   93 14830.0000 9629.68799  35.1%     -    4s
     0     0 9630.39016    0   92 14830.0000 9630.39016  35.1%     -    4s
     0     0 9630.39016    0   92 14830.0000 9630.39016  35.1%     -   12s
H    0     0                    11537.283832 9630.39016  16.5%     -   12s
     0     2 9633.85265    0   92 11537.2838 9633.85265  16.5%     -   13s
H    9     9                    10179.730769 9659.69990  5.11%  52.7   15s
*  148   125              59    10179.000000 9663.31415  5.07%  31.7   18s
   185   162 10032.0348   27   34 10179.0000 9668.91250  5.01%  34.5   20s
H  260   221                    10158.734615 9671.50917  4.80%  32.1   21s
H  351   282                    10122.834615 9679.22154  4.38%  31.0   24s
H  378   294                    10106.494231 9679.22154  4.23%  29.9   24s
   385   300 9807.30017    8   69 10106.4942 9680.85344  4.21%  30.4   25s
H  432   334                    10096.217308 9680.85344  4.11%  30.4   26s
   511   397 9879.24494   18   92 10096.2173 9681.04476  4.11%  29.1   30s
   522   404 9794.81350   12   92 10096.2173 9681.04476  4.11%  28.4   35s
   536   414 9976.51831   29   95 10096.2173 9681.04476  4.11%  27.7   40s
   549   422 9900.26614   18   99 10096.2173 9681.04476  4.11%  27.0   45s
   553   425 9708.95073    5   97 10096.2173 9681.64777  4.11%  26.9   56s
   556   429 9709.34150   12   97 10096.2173 9709.34150  3.83%  34.2   68s
   565   435 9755.87046   16   86 10096.2173 9714.53271  3.78%  35.5   70s
H  591   427                    10023.775000 9714.53271  3.09%  36.7   74s
   608   427 9718.06991   14   93 10023.7750 9718.06991  3.05%  36.5   75s
   692   465 9942.67149   31   23 10023.7750 9722.41284  3.01%  39.7   80s
   810   511 9956.47996   34   38 10023.7750 9723.80714  2.99%  41.2   85s
   929   537 9755.16115   17   77 10023.7750 9730.65467  2.92%  41.3   90s
  1019   564 9781.91620   18   82 10023.7750 9736.10072  2.87%  42.3   95s
  1106   600 9799.52812   18   78 10023.7750 9736.31269  2.87%  43.1  100s
  1159   617 9779.21879   19   86 10023.7750 9742.58322  2.81%  44.2  105s
  1264   651 9902.05025   27   62 10023.7750 9745.69527  2.77%  44.3  110s
  1366   675 9757.89489   18   89 10023.7750 9749.95802  2.73%  43.8  115s
  1427   698 9821.35768   20   77 10023.7750 9751.16684  2.72%  44.3  120s
  1483   714 9835.25675   20   62 10023.7750 9752.69840  2.70%  44.3  125s
  1579   740 9831.04057   18   68 10023.7750 9755.49689  2.68%  44.5  131s
  1683   760 9793.11498   18   78 10023.7750 9757.72412  2.65%  44.3  135s
  1784   809 9866.16115   28   68 10023.7750 9759.91766  2.63%  44.4  140s
  1906   885 9775.82974   14   81 10023.7750 9761.48845  2.62%  44.0  145s
  2007   934 9787.64775   21   79 10023.7750 9765.31200  2.58%  43.9  150s
  2111   998 9788.83197   22   79 10023.7750 9767.54039  2.56%  44.2  155s
  2216  1066 9891.56662   28   67 10023.7750 9768.03770  2.55%  44.5  160s
  2285  1112 9838.06407   21   83 10023.7750 9769.21234  2.54%  44.6  165s
  2413  1180 10012.7877   40   33 10023.7750 9771.27459  2.52%  44.3  170s
  2485  1232 9993.26283   26   34 10023.7750 9771.63595  2.52%  44.5  175s
  2617  1318 9990.08601   43   41 10023.7750 9774.16531  2.49%  44.4  180s
  2759  1393     cutoff   46      10023.7750 9775.53907  2.48%  44.2  185s
  2852  1455 9957.74550   33   53 10023.7750 9776.36124  2.47%  44.6  190s
  2973  1530 9849.20445   29   70 10023.7750 9779.89791  2.43%  44.5  195s
  3030  1567 9861.74806   23   61 10023.7750 9780.22685  2.43%  44.4  200s
  3160  1650 9971.72103   38   34 10023.7750 9781.13314  2.42%  44.3  205s
  3277  1716 9791.23434   19   88 10023.7750 9783.25313  2.40%  44.3  210s
  3396  1791 9832.19164   24   70 10023.7750 9783.75936  2.39%  44.3  215s
  3492  1860 9993.98892   35   46 10023.7750 9784.27149  2.39%  44.3  220s
  3603  1925 9831.49827   20   73 10023.7750 9786.29130  2.37%  44.4  225s
  3656  1963 10005.9147   31   42 10023.7750 9786.53870  2.37%  44.5  230s
  3789  2038 9866.70990   28   66 10023.7750 9787.23552  2.36%  44.3  235s
  3917  2123 9917.22977   25   56 10023.7750 9787.93604  2.35%  44.1  240s
  3941  2131 9824.38051   21   79 10023.7750 9787.96723  2.35%  44.1  252s
  3945  2133     cutoff   25      10023.7750 9787.96723  2.35%  44.2  255s

Gurobi 9.1.1 (linux64, C++) logging started Tue May  4 00:18:18 2021

Academic license - for non-commercial use only - expires 2021-06-30
Gurobi Optimizer version 9.1.1 build v9.1.1rc0 (linux64)
Thread count: 2 physical cores, 2 logical processors, using up to 1 threads
Optimize a model with 4446 rows, 4342 columns and 19448 nonzeros
Model fingerprint: 0x097a7277
Variable types: 4238 continuous, 104 integer (0 binary)
Coefficient statistics:
  Matrix range     [1e+00, 1e+02]
  Objective range  [8e-01, 2e+02]
  Bounds range     [1e+00, 1e+00]
  RHS range        [2e+01, 1e+02]
Presolve removed 160 rows and 107 columns
Presolve time: 0.19s
Presolved: 4286 rows, 4235 columns, 16526 nonzeros
Variable types: 4132 continuous, 103 integer (103 binary)

Root relaxation: objective 9.244198e+03, 2239 iterations, 0.63 seconds

    Nodes    |    Current Node    |     Objective Bounds      |     Work
 Expl Unexpl |  Obj  Depth IntInf | Incumbent    BestBd   Gap | It/Node Time

     0     0 9244.19846    0   77          - 9244.19846      -     -    0s
H    0     0                    14830.000000 9244.19846  37.7%     -    1s
     0     0 9361.90035    0   87 14830.0000 9361.90035  36.9%     -    1s
     0     0 9446.87438    0   89 14830.0000 9446.87438  36.3%     -    1s
     0     0 9448.41319    0   88 14830.0000 9448.41319  36.3%     -    2s
     0     0 9524.25958    0   87 14830.0000 9524.25958  35.8%     -    2s
     0     0 9552.01387    0   88 14830.0000 9552.01387  35.6%     -    2s
     0     0 9552.73936    0   89 14830.0000 9552.73936  35.6%     -    3s
     0     0 9553.01155    0   90 14830.0000 9553.01155  35.6%     -    3s
     0     0 9601.24991    0   90 14830.0000 9601.24991  35.3%     -    3s
     0     0 9608.40288    0   91 14830.0000 9608.40288  35.2%     -    3s
     0     0 9611.14227    0   91 14830.0000 9611.14227  35.2%     -    3s
     0     0 9611.72390    0   91 14830.0000 9611.72390  35.2%     -    3s
     0     0 9611.81350    0   91 14830.0000 9611.81350  35.2%     -    4s
     0     0 9619.47360    0   93 14830.0000 9619.47360  35.1%     -    4s
     0     0 9619.60712    0   93 14830.0000 9619.60712  35.1%     -    4s
     0     0 9629.65889    0   93 14830.0000 9629.65889  35.1%     -    4s
     0     0 9629.68799    0   93 14830.0000 9629.68799  35.1%     -    4s
     0     0 9630.39016    0   92 14830.0000 9630.39016  35.1%     -    4s
     0     0 9630.39016    0   92 14830.0000 9630.39016  35.1%     -   12s
H    0     0                    11537.283832 9630.39016  16.5%     -   12s
     0     2 9633.85265    0   92 11537.2838 9633.85265  16.5%     -   13s
    44    46 9990.55160   37   24 11537.2838 9659.69990  16.3%  41.1   15s
H   52    52                    11474.690291 9659.69990  15.8%  37.9   15s
H   54    54                    10820.196154 9659.69990  10.7%  37.1   15s
H   91    91                    10786.741465 9659.69990  10.4%  27.0   15s
H   92    91                    10611.071154 9659.69990  8.97%  26.7   15s
*   94    84              74    10415.471154 9659.69990  7.26%  26.3   15s
H  135   119                    10413.211538 9663.31415  7.20%  29.6   17s
H  162   125                    10217.134615 9663.31415  5.42%  27.4   17s
   243   190 9837.25589   14   58 10217.1346 9671.50917  5.34%  31.5   20s
H  290   226                    10176.150000 9671.50917  4.96%  30.3   21s
H  378   296                    10172.784615 9679.60174  4.85%  29.5   23s
   439   346 9857.14679   18   47 10172.7846 9681.04476  4.83%  28.7   25s
H  459   358                    10161.980769 9681.04476  4.73%  28.8   25s
H  466   341                    10123.557692 9681.04476  4.37%  28.7   25s
   513   370 10050.8861   42   75 10123.5577 9688.13575  4.30%  28.3   30s
   526   379 9954.29979   25   95 10123.5577 9688.13575  4.30%  27.6   35s
   537   386 10113.2670   42   99 10123.5577 9688.13575  4.30%  27.1   40s
   542   390 10123.3455   45   96 10123.5577 9688.13575  4.30%  26.8   51s
   545   394 9688.13575   15   94 10123.5577 9688.13575  4.30%  34.2   62s
   570   410 9840.60743   27   49 10123.5577 9688.13575  4.30%  35.9   65s

Gurobi 9.5.1 (linux64, C++) logging started Sun Apr 17 14:02:16 2022

Set parameter Username
Set parameter LogFile to value "mip.log"
Academic license - for non-commercial use only - expires 2022-05-17
Set parameter TimeLimit to value 3600
Set parameter MIPGap to value 1e-06
Set parameter Threads to value 1
Gurobi Optimizer version 9.5.1 build v9.5.1rc2 (linux64)
Thread count: 1 physical cores, 1 logical processors, using up to 1 threads
Optimize a model with 4446 rows, 4342 columns and 19448 nonzeros
Model fingerprint: 0x295a09ac
Variable types: 4238 continuous, 104 integer (0 binary)
Coefficient statistics:
  Matrix range     [1e+00, 1e+02]
  Objective range  [8e-01, 2e+02]
  Bounds range     [1e+00, 1e+00]
  RHS range        [2e+01, 1e+02]
Presolve removed 160 rows and 107 columns
Presolve time: 0.03s
Presolved: 4286 rows, 4235 columns, 16526 nonzeros
Variable types: 4132 continuous, 103 integer (103 binary)
Found heuristic solution: objective 20800.000000

Root relaxation: objective 9.244198e+03, 2500 iterations, 0.11 seconds (0.14 work units)

    Nodes    |    Current Node    |     Objective Bounds      |     Work
 Expl Unexpl |  Obj  Depth IntInf | Incumbent    BestBd   Gap | It/Node Time

     0     0 9244.19846    0   77 20800.0000 9244.19846  55.6%     -    0s
H    0     0                    18163.161688 9244.19846  49.1%     -    0s
H    0     0                    18137.320982 9244.19846  49.0%     -    0s
     0     0 9361.90035    0   87 18137.3210 9361.90035  48.4%     -    0s
     0     0 9451.95948    0   90 18137.3210 9451.95948  47.9%     -    0s
     0     0 9455.37776    0   89 18137.3210 9455.37776  47.9%     -    0s
     0     0 9543.07680    0   87 18137.3210 9543.07680  47.4%     -    0s
     0     0 9558.81057    0   89 18137.3210 9558.81057  47.3%     -    0s
     0     0 9561.18270    0   90 18137.3210 9561.18270  47.3%     -    0s
     0     0 9561.34787    0   89 18137.3210 9561.34787  47.3%     -    0s
     0     0 9615.44051    0   88 18137.3210 9615.44051  47.0%     -    0s
     0     0 9621.66213    0   90 18137.3210 9621.66213  47.0%     -    0s
     0     0 9622.40483    0   91 18137.3210 9622.40483  46.9%     -    0s
     0     0 9622.61063    0   90 18137.3210 9622.61063  46.9%     -    0s
     0     0 9622.61231    0   90 18137.3210 9622.61231  46.9%     -    0s
     0     0 9625.91200    0   88 18137.3210 9625.91200  46.9%     -    0s
     0     0 9626.06026    0   90 18137.3210 9626.06026  46.9%     -    0s
     0     0 9630.75700    0   89 18137.3210 9630.75700  46.9%     -    0s
     0     0 9631.03475    0   90 18137.3210 9631.03475  46.9%     -    0s
     0     0 9631.08027    0   90 18137.3210 9631.08027  46.9%     -    0s
     0     0 9631.96251    0   91 18137.3210 9631.96251  46.9%     -    0s
     0     0 9631.96251    0   91 18137.3210 9631.96251  46.9%     -    1s
H    0     0                    16473.018991 9631.96251  41.5%     -    1s
H    0     0                    11688.698382 9631.96251  17.6%     -    1s
H    0     0                    10225.775000 9631.96251  5.81%     -    1s
     0     2 9634.18493    0   91 10225.7750 9634.18493  5.79%     -    2s
H  136   115                    10190.563659 9668.76065  5.12%  32.3    2s
*  137   111              58    10168.144231 9668.76065  4.91%  32.1    2s
*  293   226              58    10161.423077 9675.72731  4.78%  32.8    3s
H  313   233                    10143.398077 9677.96969  4.59%  34.6    3s
H  339   252                    10117.725000 9677.96969  4.35%  33.9    3s
   513   382 9748.15246    7   75 10117.7250 9679.40347  4.33%  34.1    5s
   561   416 9698.88326   10   97 10117.7250 9698.88326  4.14%  39.8   10s
  1085   657 9791.01902   17   81 10117.7250 9742.06137  3.71%  42.0   15s
H 1209   648                    10087.728846 9743.95619  3.41%  42.5   16s
H 1236   588                    10057.728846 9743.95619  3.12%  42.4   16s
H 1344   549                    10029.659615 9745.72330  2.83%  42.2   17s
H 1401   512                    10010.217308 9747.05875  2.63%  42.7   17s
  1586   590 9918.61355   31   51 10010.2173 9757.64090  2.52%  44.4   20s
H 1640   608                    10002.217308 9759.02641  2.43%  44.7   20s
  2114   903 9880.72289   17   65 10002.2173 9771.53078  2.31%  46.7   25s
  2618  1195 9828.15662   20   78 10002.2173 9782.07392  2.20%  48.2   30s
  3209  1527 9882.07978   23   72 10002.2173 9790.41773  2.12%  48.4   35s
  3803  1874     cutoff   36      10002.2173 9797.61228  2.05%  48.4   40s
  4399  2188 9953.40095   26   57 10002.2173 9802.84016  1.99%  48.9   45s
  4891  2444 9848.10954   15   77 10002.2173 9806.85601  1.95%  49.5   50s
  5104  2556 9998.35539   30   56 10002.2173 9808.52443  1.94%  49.6   55s
  5658  2843 9836.67459   24   75 10002.2173 9812.80286  1.89%  50.0   60s
  6212  3128     cutoff   34      10002.2173 9816.90723  1.85%  50.1   65s
H 6304  2956                    9978.6596154 9817.64118  1.61%  50.3   66s
  6656  3097 9878.11515   18   75 9978.65962 9820.05246  1.59%  50.5   70s
  7220  3348 9903.88197   24   68 9978.65962 9824.23245  1.55%  50.8   75s
  7720  3551 9956.42992   26   43 9978.65962 9827.34078  1.52%  51.0   80s
  8249  3775 9959.28494   28   36 9978.65962 9829.89768  1.49%  51.2   85s
  8744  3970 9844.24332   16   75 9978.65962 9831.91689  1.47%  51.3   90s
  9251  4167 9862.51034   22   72 9978.65962 9833.86855  1.45%  51.6   95s
  9730  4371 9931.99594   31   61 9978.65962 9835.43350  1.44%  51.7  100s
 10108  4511 9964.53587   31   60 9978.65962 9836.77711  1.42%  51.9  105s
 10202  4548 9901.84812   27   70 9978.65962 9836.99911  1.42%  52.1  118s
 10336  4597 9861.52163   23   73 9978.65962 9837.47215  1.41%  52.1  120s
 10715  4740 9895.47893   24   66 9978.65962 9839.47722  1.39%  52.2  125s
 11158  4896 9881.56343   16   72 9978.65962 9840.67922  1.38%  52.4  130s
 11673  5058 9896.56136   25   69 9978.65962 9842.79698  1.36%  52.4  135s
 12151  5210     cutoff   26      9978.65962 9844.05503  1.35%  52.7  140s
 12680  5360 9900.68206   24   65 9978.65962 9845.87636  1.33%  52.9  145s
 13207  5529 9868.76901   18   74 9978.65962 9847.39556  1.32%  53.0  150s
 13588  5633 9901.71115   21   61 9978.65962 9848.42860  1.31%  53.1  155s
 13899  5731 9956.77696   29   58 9978.65962 9849.12423  1.30%  53.2  163s
 14084  5792 9965.21066   28   61 9978.65962 9849.90014  1.29%  53.3  165s
 14592  5924 9924.23285   18   67 9978.65962 9851.37315  1.28%  53.5  170s
 15110  6079 9887.11141   23   68 9978.65962 9852.70742  1.26%  53.6  175s
 15620  6219 9950.56391   20   69 9978.65962 9854.20395  1.25%  53.7  180s
 16136  6359 9941.41823   32   50 9978.65962 9855.18112  1.24%  53.8  185s
 16628  6522 9953.68889   26   53 9978.65962 9856.41074  1.23%  53.9  190s
 17129  6641 9921.30919   23   67 9978.65962 9857.20630  1.22%  53.9  195s
 17623  6786 9939.75413   29   55 9978.65962 9858.64735  1.20%  54.1  200s
 17703  6812 9950.27004   25   66 9978.65962 9858.88034  1.20%  54.1  205s
 18217  6928 9953.09219   27   71 9978.65962 9860.52759  1.18%  54.1  210s
 18665  7069 9968.30438   27   44 9978.65962 9861.25513  1.18%  54.1  215s
 19062  7168 9937.12581   23   59 9978.65962 9862.22506  1.17%  54.3  220s
 19560  7293 9965.15704   23   54 9978.65962 9863.00501  1.16%  54.4  225s
 20075  7424 9963.44115   23   57 9978.65962 9864.04171  1.15%  54.5  230s
 20575  7545 9974.15037   33   56 9978.65962 9865.01856  1.14%  54.6  235s
 21090  7677 9903.04643   26   61 9978.65962 9865.65894  1.13%  54.6  240s
 21619  7821 9939.07454   22   72 9978.65962 9866.59000  1.12%  54.6  245s
 22137  7934 9903.74522   21   68 9978.65962 9867.37529  1.12%  54.6  250s
 22626  8045 9931.37181   28   65 9978.65962 9868.39859  1.10%  54.7  255s
 23144  8150 9913.77645   23   68 9978.65962 9869.52197  1.09%  54.7  260s
 23640  8253 9930.59186   25   68 9978.65962 9870.50239  1.08%  54.8  265s
 24131  8357 9935.33336   25   59 9978.65962 9871.14509  1.08%  54.9  270s
 24488  8437 9956.37366   30   63 9978.65962 9871.81429  1.07%  54.9  275s
 24849  8485 9913.86790   24   69 9978.65962 9872.17197  1.07%  54.9  280s
 25263  8581     cutoff   28      9978.65962 9872.96745  1.06%  55.0  285s
 25762  8704 9938.62089   20   65 9978.65962 9873.62831  1.05%  55.0  290s
 26276  8779 9973.55872   28   63 9978.65962 9874.15816  1.05%  55.0  295s
 26766  8867 9897.88197   21   70 9978.65962 9874.73920  1.04%  55.1  300s
 27267  8961 9940.37339   23   71 9978.65962 9875.30510  1.04%  55.1  305s
 27757  9047 9951.38763   22   64 9978.65962 9876.09370  1.03%  55.2  310s
 28221  9124 9921.76905   23   65 9978.65962 9876.71260  1.02%  55.2  315s
 28715  9219     cutoff   29      9978.65962 9877.21961  1.02%  55.3  320s
 29222  9319 9904.82871   19   74 9978.65962 9877.67421  1.01%  55.3  325s
 29672  9401 9976.34730   27   55 9978.65962 9878.35640  1.01%  55.4  330s
 30165  9500 9914.46979   28   63 9978.65962 9879.09512  1.00%  55.4  335s
 30660  9587 9897.42730   23   70 9978.65962 9879.84807  0.99%  55.5  340s
 31144  9690 9962.39736   25   52 9978.65962 9880.42306  0.98%  55.5  345s
 31648  9749 9962.98164   24   57 9978.65962 9880.97293  0.98%  55.5  350s
 32127  9851 9943.46210   29   57 9978.65962 9881.65207  0.97%  55.5  355s
 32639  9939 9920.28969   21   71 9978.65962 9882.16941  0.97%  55.5  360s
 33141 10039 9974.70294   26   71 9978.65962 9882.91216  0.96%  55.5  365s
 33653 10123 9922.36444   22   75 9978.65962 9883.38097  0.95%  55.5  370s
 34134 10203 9963.67316   25   47 9978.65962 9884.12749  0.95%  55.5  375s
 34613 10272 9959.58512   24   52 9978.65962 9884.78929  0.94%  55.5  380s
 35078 10332 9972.90907   29   51 9978.65962 9885.34553  0.94%  55.5  385s

Gurobi 9.5.1 (linux64, C++) logging started Sun Apr 17 15:24:19 2022

Set parameter Username
Set parameter LogFile to value "mip.log"
Academic license - for non-commercial use only - expires 2022-05-17
Set parameter TimeLimit to value 3600
Set parameter MIPGap to value 1e-06
Set parameter Threads to value 1
Gurobi Optimizer version 9.5.1 build v9.5.1rc2 (linux64)
Thread count: 1 physical cores, 1 logical processors, using up to 1 threads
Optimize a model with 4446 rows, 4342 columns and 19448 nonzeros
Model fingerprint: 0x295a09ac
Variable types: 4238 continuous, 104 integer (0 binary)
Coefficient statistics:
  Matrix range     [1e+00, 1e+02]
  Objective range  [8e-01, 2e+02]
  Bounds range     [1e+00, 1e+00]
  RHS range        [2e+01, 1e+02]
Presolve removed 160 rows and 107 columns
Presolve time: 0.06s
Presolved: 4286 rows, 4235 columns, 16526 nonzeros
Variable types: 4132 continuous, 103 integer (103 binary)
Found heuristic solution: objective 20800.000000

Root relaxation: objective 9.244198e+03, 2500 iterations, 0.15 seconds (0.14 work units)

    Nodes    |    Current Node    |     Objective Bounds      |     Work
 Expl Unexpl |  Obj  Depth IntInf | Incumbent    BestBd   Gap | It/Node Time

     0     0 9244.19846    0   77 20800.0000 9244.19846  55.6%     -    0s
H    0     0                    18163.161688 9244.19846  49.1%     -    0s
H    0     0                    18137.320982 9244.19846  49.0%     -    0s
     0     0 9361.90035    0   87 18137.3210 9361.90035  48.4%     -    0s
     0     0 9451.95948    0   90 18137.3210 9451.95948  47.9%     -    0s
     0     0 9455.37776    0   89 18137.3210 9455.37776  47.9%     -    0s
     0     0 9543.07680    0   87 18137.3210 9543.07680  47.4%     -    0s
     0     0 9558.81057    0   89 18137.3210 9558.81057  47.3%     -    0s
     0     0 9561.18270    0   90 18137.3210 9561.18270  47.3%     -    0s
     0     0 9561.34787    0   89 18137.3210 9561.34787  47.3%     -    0s
     0     0 9615.44051    0   88 18137.3210 9615.44051  47.0%     -    0s
     0     0 9621.66213    0   90 18137.3210 9621.66213  47.0%     -    0s
     0     0 9622.40483    0   91 18137.3210 9622.40483  46.9%     -    0s
     0     0 9622.61063    0   90 18137.3210 9622.61063  46.9%     -    0s
     0     0 9622.61231    0   90 18137.3210 9622.61231  46.9%     -    0s
     0     0 9625.91200    0   88 18137.3210 9625.91200  46.9%     -    0s
     0     0 9626.06026    0   90 18137.3210 9626.06026  46.9%     -    1s
     0     0 9630.75700    0   89 18137.3210 9630.75700  46.9%     -    1s
     0     0 9631.03475    0   90 18137.3210 9631.03475  46.9%     -    1s
     0     0 9631.08027    0   90 18137.3210 9631.08027  46.9%     -    1s
     0     0 9631.96251    0   91 18137.3210 9631.96251  46.9%     -    1s
     0     0 9631.96251    0   91 18137.3210 9631.96251  46.9%     -    2s
H    0     0                    16473.018991 9631.96251  41.5%     -    2s
H    0     0                    11688.698382 9631.96251  17.6%     -    2s
H    0     0                    10225.775000 9631.96251  5.81%     -    2s
     0     2 9634.18493    0   91 10225.7750 9634.18493  5.79%     -    2s
H  136   115                    10190.563659 9668.76065  5.12%  32.3    2s
*  137   111              58    10168.144231 9668.76065  4.91%  32.1    2s
*  293   226              58    10161.423077 9675.72731  4.78%  32.8    3s
H  313   233                    10143.398077 9677.96969  4.59%  34.6    4s
H  339   252                    10117.725000 9677.96969  4.35%  33.9    4s
   492   363 9810.46049   12   72 10117.7250 9679.40347  4.33%  33.9    5s
   558   412 9747.99863    7   98 10117.7250 9689.65892  4.23%  31.3   10s
   785   530 10020.3216   45   14 10117.7250 9721.39259  3.92%  41.8   16s
  1189   694 9789.15475   15   84 10117.7250 9743.95619  3.69%  42.3   20s
H 1209   648                    10087.728846 9743.95619  3.41%  42.5   20s
H 1236   588                    10057.728846 9743.95619  3.12%  42.4   20s
H 1344   549                    10029.659615 9745.72330  2.83%  42.2   21s
H 1401   512                    10010.217308 9747.05875  2.63%  42.7   22s
H 1640   608                    10002.217308 9759.02641  2.43%  44.7   25s
  2148   920 9806.01558   16   83 10002.2173 9772.08501  2.30%  46.9   30s
  2549  1149 9873.62052   25   62 10002.2173 9780.24831  2.22%  47.9   35s
  3061  1452 9835.03676   20   70 10002.2173 9789.55785  2.13%  48.4   40s
  3608  1765 9832.37444   23   79 10002.2173 9796.98596  2.05%  48.4   45s
  4088  2017 9858.82340   22   77 10002.2173 9801.66014  2.01%  48.9   50s
  4570  2278 9973.15399   36   52 10002.2173 9803.87119  1.98%  49.2   55s
  4924  2467 9941.17290   31   53 10002.2173 9806.90836  1.95%  49.6   61s
  5235  2630 9936.26680   28   61 10002.2173 9809.39937  1.93%  49.8   65s
  5691  2861 9953.92572   22   71 10002.2173 9813.20499  1.89%  50.1   70s
  6218  3128 9835.62990   23   82 10002.2173 9816.95730  1.85%  50.1   75s
H 6304  2956                    9978.6596154 9817.64118  1.61%  50.3   76s
  6645  3097 9937.66594   28   65 9978.65962 9820.03041  1.59%  50.5   80s
  7145  3309 9947.72837   26   62 9978.65962 9823.89962  1.55%  50.8   85s
  7645  3518 9966.05695   29   41 9978.65962 9826.92341  1.52%  51.0   90s
  8112  3716 9853.31572   17   77 9978.65962 9829.37945  1.50%  51.2   95s
  8607  3916 9948.21955   29   69 9978.65962 9831.08441  1.48%  51.3  100s
  9040  4095 9867.92007   22   69 9978.65962 9833.23723  1.46%  51.5  105s
  9541  4295 9976.62782   28   51 9978.65962 9834.70974  1.44%  51.7  110s
  9972  4462 9893.27467   24   71 9978.65962 9836.39200  1.43%  51.8  115s
 10202  4548 9901.84812   27   70 9978.65962 9836.99911  1.42%  52.1  130s
 10677  4718 9852.40337   18   71 9978.65962 9839.41560  1.40%  52.2  135s
 11158  4896 9881.56343   16   72 9978.65962 9840.67922  1.38%  52.4  140s
 11643  5046 9948.81763   26   60 9978.65962 9842.63858  1.36%  52.4  145s
 12091  5194 9904.04459   22   55 9978.65962 9843.98788  1.35%  52.7  150s
 12599  5337     cutoff   30      9978.65962 9845.41943  1.34%  52.9  155s
 13091  5496 9938.55234   22   58 9978.65962 9846.85732  1.32%  53.0  160s
 13533  5621 9960.86538   27   54 9978.65962 9848.35620  1.31%  53.1  165s
 13883  5729 9964.36154   28   59 9978.65962 9849.11992  1.30%  53.2  170s
 13944  5740 9877.03517   18   67 9978.65962 9849.23097  1.30%  53.2  175s
 14426  5892 9956.00433   30   52 9978.65962 9851.05337  1.28%  53.4  180s
 14904  6016 9932.04448   27   58 9978.65962 9852.07067  1.27%  53.6  185s
 15381  6156 9895.10352   21   73 9978.65962 9853.45651  1.25%  53.7  190s
 15890  6299 9905.55751   15   77 9978.65962 9854.65341  1.24%  53.8  195s
 16337  6432 9968.63836   29   51 9978.65962 9855.89185  1.23%  53.9  200s
 16819  6565 9973.47968   35   53 9978.65962 9856.80136  1.22%  53.9  205s
 17281  6682 9922.17598   23   59 9978.65962 9857.73852  1.21%  54.0  210s
 17703  6812 9950.27004   25   66 9978.65962 9858.88034  1.20%  54.1  219s
 17807  6840 9967.98118   27   58 9978.65962 9859.18071  1.20%  54.0  220s
 18311  6959 9877.49572   21   72 9978.65962 9860.69380  1.18%  54.1  225s
 18675  7073 9965.69314   24   58 9978.65962 9861.32413  1.18%  54.1  230s
 19138  7188 9955.04550   26   60 9978.65962 9862.27435  1.17%  54.3  235s
 19617  7300 9893.04049   19   72 9978.65962 9863.06569  1.16%  54.4  240s
 20119  7440 9919.37640   30   64 9978.65962 9864.08014  1.15%  54.5  245s
 20575  7545 9974.15037   33   56 9978.65962 9865.01856  1.14%  54.6  250s
 21052  7669 9969.48810   32   44 9978.65962 9865.52447  1.13%  54.6  255s
 21556  7800 9913.38550   25   50 9978.65962 9866.48164  1.12%  54.6  260s
 22040  7917 9937.07893   30   57 9978.65962 9867.33531  1.12%  54.6  265s
 22550  8025 9909.19962   22   72 9978.65962 9868.24123  1.11%  54.7  270s
 23036  8133 9912.34876   21   77 9978.65962 9869.32383  1.10%  54.8  275s
 23537  8229 9947.25416   25   70 9978.65962 9870.23337  1.09%  54.8  280s
 24021  8329 9924.82552   23   55 9978.65962 9871.00341  1.08%  54.9  285s
 24497  8438 9966.52832   31   57 9978.65962 9871.81429  1.07%  54.9  290s
 24964  8525     cutoff   27      9978.65962 9872.38683  1.07%  55.0  295s
 25449  8625     cutoff   29      9978.65962 9873.19310  1.06%  55.0  300s
 25929  8734 9969.32732   24   52 9978.65962 9873.74037  1.05%  55.0  305s
 26402  8807 9978.20456   24   50 9978.65962 9874.25068  1.05%  55.0  310s
 26846  8881 9975.40240   30   56 9978.65962 9874.76966  1.04%  55.1  315s
 27306  8971 9904.24144   22   60 9978.65962 9875.32563  1.04%  55.1  320s
 27757  9047 9951.38763   22   64 9978.65962 9876.09370  1.03%  55.2  325s
 28159  9117 9898.89003   23   69 9978.65962 9876.63668  1.02%  55.2  330s
 28585  9188 9955.54834   28   65 9978.65962 9877.03736  1.02%  55.3  335s
 29035  9281 9967.38166   27   53 9978.65962 9877.49514  1.01%  55.3  340s
 29481  9359 9918.74518   23   73 9978.65962 9878.12666  1.01%  55.3  345s
 29886  9448 9891.47057   20   75 9978.65962 9878.63758  1.00%  55.4  350s
 30339  9529 9974.80161   27   58 9978.65962 9879.28592  1.00%  55.4  355s
 30800  9623 9955.64198   29   67 9978.65962 9880.06856  0.99%  55.5  360s
 31270  9703 9915.36304   22   60 9978.65962 9880.55525  0.98%  55.5  365s
 31717  9769 9968.73613   32   67 9978.65962 9881.02134  0.98%  55.5  370s
 32175  9863 9950.94086   24   65 9978.65962 9881.68722  0.97%  55.5  375s
 32629  9941 9960.93795   23   64 9978.65962 9882.16466  0.97%  55.5  380s
 33082 10029 9969.99629   33   51 9978.65962 9882.82205  0.96%  55.5  385s
 33555 10104 9906.99532   20   71 9978.65962 9883.26178  0.96%  55.5  390s
 33987 10175 9919.09032   26   59 9978.65962 9883.89590  0.95%  55.5  395s
 34393 10246 9927.54944   21   70 9978.65962 9884.54626  0.94%  55.5  400s
 34779 10299 9968.57957   21   55 9978.65962 9884.98407  0.94%  55.5  405s
 35227 10351 9976.98868   22   71 9978.65962 9885.51562  0.93%  55.5  410s
 35659 10416 9964.74028   32   46 9978.65962 9886.07540  0.93%  55.5  415s
 36094 10472     cutoff   29      9978.65962 9886.52729  0.92%  55.5  420s
 36563 10554 9957.80343   32   62 9978.65962 9887.00638  0.92%  55.5  425s
 36993 10617 9975.07532   28   55 9978.65962 9887.32245  0.92%  55.5  430s
 37440 10678 9976.79811   25   54 9978.65962 9887.89709  0.91%  55.6  435s
 37829 10726 9974.92910   30   49 9978.65962 9888.41102  0.90%  55.6  440s
 38116 10768 9972.68707   26   52 9978.65962 9888.70365  0.90%  55.6  445s
 38447 10814 9973.85096   27   51 9978.65962 9889.01649  0.90%  55.6  450s
 38855 10878 9976.02586   32   59 9978.65962 9889.45948  0.89%  55.6  455s
 39270 10917 9926.07297   20   68 9978.65962 9889.81803  0.89%  55.7  460s
 39719 10975 9972.99993   30   65 9978.65962 9890.22298  0.89%  55.7  465s
 40166 11019 9921.03324   22   76 9978.65962 9890.73865  0.88%  55.7  470s
 40598 11072 9944.06797   28   51 9978.65962 9891.05050  0.88%  55.7  475s
 41064 11126 9975.46817   31   48 9978.65962 9891.56374  0.87%  55.7  480s
 41537 11183 9954.73693   27   62 9978.65962 9891.92763  0.87%  55.7  485s
 41943 11223 9925.35431   21   62 9978.65962 9892.26434  0.87%  55.7  490s
 42342 11286 9966.06506   28   59 9978.65962 9892.57224  0.86%  55.7  495s
 42802 11345 9944.83577   25   40 9978.65962 9892.86348  0.86%  55.7  500s
 43136 11380     cutoff   28      9978.65962 9893.10313  0.86%  55.7  505s
 43601 11428 9917.69621   22   64 9978.65962 9893.60693  0.85%  55.7  510s
 44048 11470 9960.26210   28   68 9978.65962 9894.06270  0.85%  55.7  515s
 44520 11526 9917.74111   23   60 9978.65962 9894.45195  0.84%  55.7  520s
 45018 11590     cutoff   30      9978.65962 9894.97583  0.84%  55.7  525s
 45485 11650 9932.32796   24   61 9978.65962 9895.40639  0.83%  55.7  530s
 45974 11691 9974.18658   30   62 9978.65962 9895.76814  0.83%  55.7  535s
 46433 11741 9975.33452   28   66 9978.65962 9896.14794  0.83%  55.7  540s
 46919 11777 9976.48744   31   39 9978.65962 9896.56490  0.82%  55.7  545s
 47367 11812 9968.23663   23   65 9978.65962 9896.89350  0.82%  55.7  550s
 47849 11855 9958.08455   21   67 9978.65962 9897.30770  0.82%  55.7  555s
 48302 11917 9941.79970   18   66 9978.65962 9897.63451  0.81%  55.7  560s
 48744 11950 9948.66776   27   49 9978.65962 9898.00392  0.81%  55.7  565s
 49221 11978 9932.23399   28   57 9978.65962 9898.26263  0.81%  55.7  570s
 49694 12017 9977.26026   28   61 9978.65962 9898.78731  0.80%  55.7  575s
 50137 12062 9970.61555   31   44 9978.65962 9899.08156  0.80%  55.7  580s
 50603 12102 9915.18570   23   70 9978.65962 9899.45907  0.79%  55.7  585s
 51038 12149 9949.21307   28   62 9978.65962 9899.81757  0.79%  55.7  590s
 51469 12198 9971.48907   34   59 9978.65962 9900.15955  0.79%  55.7  595s
 51903 12245 9974.99525   29   53 9978.65962 9900.51692  0.78%  55.7  600s
 52256 12264 9968.01348   31   61 9978.65962 9900.76752  0.78%  55.7  605s
 52695 12293 9914.88586   26   69 9978.65962 9901.13268  0.78%  55.7  610s
 53112 12315 9920.50416   26   62 9978.65962 9901.42663  0.77%  55.7  615s
 53552 12357 9938.44585   22   69 9978.65962 9901.81285  0.77%  55.7  620s
 53957 12366     cutoff   30      9978.65962 9902.15011  0.77%  55.7  625s
 54415 12401 9963.12416   23   56 9978.65962 9902.46476  0.76%  55.7  630s
 54797 12434 9947.50782   22   58 9978.65962 9902.79297  0.76%  55.7  635s
 55173 12460     cutoff   21      9978.65962 9903.04819  0.76%  55.6  640s
 55483 12469 9929.24945   24   62 9978.65962 9903.31503  0.76%  55.6  645s
 55747 12470 9961.24342   26   52 9978.65962 9903.52881  0.75%  55.6  650s
 56207 12522     cutoff   36      9978.65962 9903.77252  0.75%  55.6  655s
 56690 12541 9925.91535   22   61 9978.65962 9904.08495  0.75%  55.6  660s
 57140 12585 9957.81722   31   54 9978.65962 9904.33758  0.74%  55.6  665s
 57586 12623 9952.26294   27   67 9978.65962 9904.68277  0.74%  55.6  670s
 57749 12631 9943.46268   24   61 9978.65962 9904.74710  0.74%  55.6  678s
 57874 12633 9933.13411   23   71 9978.65962 9904.90404  0.74%  55.6  680s
 58128 12656 9946.58686   24   60 9978.65962 9905.02965  0.74%  55.6  685s
 58379 12668 9977.01998   32   58 9978.65962 9905.15285  0.74%  55.6  690s
 58783 12700     cutoff   29      9978.65962 9905.39044  0.73%  55.6  695s
 59149 12717 9972.76619   31   52 9978.65962 9905.67541  0.73%  55.6  700s
 59515 12750 9952.66709   23   50 9978.65962 9905.93088  0.73%  55.6  705s
 59906 12776 9969.47584   27   55 9978.65962 9906.21101  0.73%  55.6  710s
 60381 12801 9919.63927   25   71 9978.65962 9906.56711  0.72%  55.5  715s
 60809 12822     cutoff   25      9978.65962 9906.82634  0.72%  55.5  720s
 61140 12845 9944.25060   21   66 9978.65962 9907.06433  0.72%  55.5  725s
 61523 12869 9940.35254   28   62 9978.65962 9907.31155  0.72%  55.5  730s
 61905 12890 9966.25630   31   60 9978.65962 9907.61201  0.71%  55.5  735s
 62313 12897 9959.93458   25   53 9978.65962 9907.82307  0.71%  55.5  740s
 62808 12931 9955.99954   24   52 9978.65962 9908.14290  0.71%  55.4  745s
 63264 12957 9946.39394   22   67 9978.65962 9908.52464  0.70%  55.4  750s
 63702 12975 9971.55379   26   59 9978.65962 9908.88617  0.70%  55.4  755s
 64161 13009 9948.49582   24   55 9978.65962 9909.24141  0.70%  55.4  760s
 64571 13014 9955.07345   24   70 9978.65962 9909.44380  0.69%  55.4  765s
 65041 13023 9977.00215   28   58 9978.65962 9909.74734  0.69%  55.4  770s
 65489 13045 9961.99469   26   59 9978.65962 9910.06699  0.69%  55.4  775s
 65940 13048 9976.40031   31   48 9978.65962 9910.35975  0.68%  55.4  780s
 66419 13049 9948.09231   23   62 9978.65962 9910.67153  0.68%  55.4  785s
 66881 13048 9927.41691   28   60 9978.65962 9910.90212  0.68%  55.3  790s
 67358 13083 9971.78634   26   59 9978.65962 9911.17714  0.68%  55.3  795s
 67797 13082 9929.01730   22   70 9978.65962 9911.43835  0.67%  55.3  800s
 68199 13092 9923.31490   26   55 9978.65962 9911.71651  0.67%  55.3  805s
 68646 13107 9976.63452   31   55 9978.65962 9911.95649  0.67%  55.3  810s
 69079 13120 9949.93684   27   48 9978.65962 9912.20809  0.67%  55.3  815s
 69542 13120 9967.31059   25   65 9978.65962 9912.46048  0.66%  55.4  820s
 69996 13127 9970.32391   26   60 9978.65962 9912.67638  0.66%  55.4  825s
 70467 13127 9959.15865   22   62 9978.65962 9913.02244  0.66%  55.4  830s
 70909 13135 9975.39829   25   60 9978.65962 9913.37124  0.65%  55.4  835s
 71336 13139 9968.80363   25   59 9978.65962 9913.66944  0.65%  55.4  840s
 71784 13128 9964.20499   29   59 9978.65962 9913.91768  0.65%  55.4  845s
 72263 13146 9954.77212   27   61 9978.65962 9914.19125  0.65%  55.4  850s
 72742 13138     cutoff   33      9978.65962 9914.50612  0.64%  55.4  855s
 73185 13132 9970.60238   31   51 9978.65962 9914.81441  0.64%  55.4  860s
 73644 13125 9956.02292   30   56 9978.65962 9915.11669  0.64%  55.4  865s
 74018 13129 9977.57350   29   54 9978.65962 9915.30896  0.63%  55.4  870s
 74453 13146 9976.04584   28   47 9978.65962 9915.58397  0.63%  55.4  875s
 74917 13125 9977.19142   32   44 9978.65962 9915.90249  0.63%  55.4  880s
 75367 13108 9978.49939   26   47 9978.65962 9916.18008  0.63%  55.4  885s
 75851 13096 9960.39843   27   49 9978.65962 9916.53108  0.62%  55.4  890s
 76312 13099     cutoff   27      9978.65962 9916.78958  0.62%  55.4  895s
 76768 13108 9958.55527   23   65 9978.65962 9917.11614  0.62%  55.4  900s
 77205 13100     cutoff   29      9978.65962 9917.43881  0.61%  55.4  905s
 77628 13093 9973.13590   27   59 9978.65962 9917.71488  0.61%  55.4  910s
 78083 13062     cutoff   22      9978.65962 9917.96640  0.61%  55.4  915s
 78540 13050 9968.63134   32   61 9978.65962 9918.26290  0.61%  55.4  920s
 78996 13036 9941.33636   29   62 9978.65962 9918.52817  0.60%  55.4  925s
 79462 13025     cutoff   36      9978.65962 9918.79305  0.60%  55.4  930s
 79916 13013 9975.42556   28   61 9978.65962 9919.05648  0.60%  55.4  935s
 80320 13015 9969.33644   25   48 9978.65962 9919.26563  0.60%  55.4  940s
 80774 13006     cutoff   29      9978.65962 9919.46296  0.59%  55.4  945s
 81262 12988 9972.35122   25   51 9978.65962 9919.79787  0.59%  55.4  950s
 81725 12980 9973.39867   29   55 9978.65962 9920.03040  0.59%  55.4  955s
 82179 12963 9926.07476   24   59 9978.65962 9920.32005  0.58%  55.4  960s
 82648 12927 9965.93110   18   65 9978.65962 9920.61959  0.58%  55.4  965s
 83051 12914 9970.34184   27   62 9978.65962 9920.88169  0.58%  55.4  971s
 83354 12898     cutoff   28      9978.65962 9921.07616  0.58%  55.4  975s
 83793 12873 9961.17138   25   42 9978.65962 9921.38553  0.57%  55.4  980s
 84278 12854 9977.04446   29   59 9978.65962 9921.59951  0.57%  55.4  985s
 84755 12841 9953.39716   25   58 9978.65962 9921.85284  0.57%  55.4  990s
 85235 12808 9965.50733   26   65 9978.65962 9922.09212  0.57%  55.4  995s
 85713 12760     cutoff   32      9978.65962 9922.44620  0.56%  55.4 1000s
 86181 12725 9948.81712   25   53 9978.65962 9922.67176  0.56%  55.4 1005s
 86635 12697 9961.73448   22   61 9978.65962 9922.93750  0.56%  55.4 1010s
 87144 12665 9966.54670   24   63 9978.65962 9923.20215  0.56%  55.4 1015s
 87610 12619 9957.82668   25   54 9978.65962 9923.55628  0.55%  55.4 1020s
 88099 12596     cutoff   29      9978.65962 9923.84309  0.55%  55.4 1025s
 88574 12545 9954.82609   29   63 9978.65962 9924.18094  0.55%  55.4 1030s
 88716 12539 9974.10534   28   62 9978.65962 9924.24237  0.55%  55.4 1035s
 89108 12489 9948.83516   24   66 9978.65962 9924.51263  0.54%  55.4 1040s
 89589 12457     cutoff   31      9978.65962 9924.76676  0.54%  55.4 1045s
 90055 12409     cutoff   30      9978.65962 9924.98653  0.54%  55.4 1050s
 90507 12365 9962.94682   25   68 9978.65962 9925.23411  0.54%  55.4 1055s
 90980 12328 9967.85091   30   63 9978.65962 9925.47610  0.53%  55.4 1060s
 91451 12285 9974.17720   27   59 9978.65962 9925.78229  0.53%  55.4 1065s
 91929 12234 9963.90263   29   65 9978.65962 9926.01518  0.53%  55.4 1070s
 92416 12184 9964.80531   27   62 9978.65962 9926.28355  0.52%  55.4 1075s
 92896 12138 9930.86641   25   63 9978.65962 9926.52677  0.52%  55.3 1080s
 93365 12115 9971.62465   28   56 9978.65962 9926.82079  0.52%  55.3 1085s
 93833 12044     cutoff   26      9978.65962 9927.14133  0.52%  55.3 1090s
 94297 11998 9959.65453   26   66 9978.65962 9927.44905  0.51%  55.3 1095s
 94737 11936 9963.46451   26   71 9978.65962 9927.72321  0.51%  55.4 1100s
 95186 11888 9976.35294   25   62 9978.65962 9927.96897  0.51%  55.4 1105s
 95645 11835 9976.04164   28   49 9978.65962 9928.18612  0.51%  55.3 1110s
 96038 11798 9977.65058   29   57 9978.65962 9928.34513  0.50%  55.3 1115s
 96513 11748     cutoff   31      9978.65962 9928.61440  0.50%  55.3 1120s
 97002 11717 9978.36837   35   17 9978.65962 9928.86316  0.50%  55.3 1125s
 97473 11667 9966.95066   20   57 9978.65962 9929.11323  0.50%  55.3 1130s
 97949 11612 9972.35690   28   55 9978.65962 9929.38359  0.49%  55.3 1135s
 98411 11542 9956.84965   23   65 9978.65962 9929.70330  0.49%  55.3 1140s
 98885 11494 9971.83652   27   59 9978.65962 9929.98055  0.49%  55.3 1145s
 99360 11438 9963.51172   24   62 9978.65962 9930.25281  0.49%  55.3 1150s
 99833 11392     cutoff   32      9978.65962 9930.46496  0.48%  55.3 1155s
 100307 11332     cutoff   30      9978.65962 9930.69350  0.48%  55.3 1160s
 100803 11267 9978.54121   28   60 9978.65962 9930.96534  0.48%  55.3 1165s
 101261 11209 9968.96307   20   59 9978.65962 9931.20449  0.48%  55.3 1170s
 101739 11154 9976.48985   27   57 9978.65962 9931.44735  0.47%  55.3 1175s
 102206 11093 9959.41965   24   62 9978.65962 9931.73327  0.47%  55.3 1180s
 102667 11021 9966.77969   24   59 9978.65962 9932.01228  0.47%  55.3 1185s
 103145 10962     cutoff   25      9978.65962 9932.23958  0.47%  55.3 1190s
 103618 10875     cutoff   32      9978.65962 9932.54227  0.46%  55.3 1195s
 104099 10805     cutoff   25      9978.65962 9932.85210  0.46%  55.3 1200s
 104590 10735 9965.93555   30   64 9978.65962 9933.09467  0.46%  55.2 1205s
 105078 10661 9956.49527   23   69 9978.65962 9933.40759  0.45%  55.2 1210s
 105589 10586 9967.03417   30   57 9978.65962 9933.67385  0.45%  55.2 1215s
 106058 10505 9970.33289   28   64 9978.65962 9933.99611  0.45%  55.2 1220s
 106499 10439 9966.05832   24   60 9978.65962 9934.28371  0.44%  55.2 1225s
 106992 10349 9972.42479   25   54 9978.65962 9934.58552  0.44%  55.2 1230s
 107452 10305 9966.73145   28   66 9978.65962 9934.77339  0.44%  55.2 1235s
 107937 10243 9962.33040   25   67 9978.65962 9935.03285  0.44%  55.1 1240s
 108424 10164 9971.42970   29   61 9978.65962 9935.24748  0.44%  55.1 1245s
 108898 10068 9967.49245   29   66 9978.65962 9935.54451  0.43%  55.1 1250s
 109388  9983 9969.84763   27   59 9978.65962 9935.78983  0.43%  55.1 1255s
 109860  9912 9964.00200   25   60 9978.65962 9936.04301  0.43%  55.1 1260s
 110334  9816 9959.79886   29   56 9978.65962 9936.34294  0.42%  55.1 1265s
 110770  9736     cutoff   33      9978.65962 9936.63461  0.42%  55.1 1270s
 111231  9636 9966.23100   28   61 9978.65962 9936.94078  0.42%  55.1 1275s
 111694  9539 9971.04869   21   45 9978.65962 9937.19391  0.42%  55.1 1280s
 112166  9454 9973.95371   25   58 9978.65962 9937.45167  0.41%  55.1 1285s
 112644  9360 9949.65087   23   67 9978.65962 9937.77873  0.41%  55.1 1290s
 113144  9260 9956.08770   32   60 9978.65962 9938.10391  0.41%  55.1 1295s
 113343  9218     cutoff   29      9978.65962 9938.17935  0.41%  55.1 1300s
 113828  9147 9964.73437   29   54 9978.65962 9938.43721  0.40%  55.1 1305s
 114271  9055 9965.51427   24   68 9978.65962 9938.73594  0.40%  55.1 1310s
 114747  8944 9957.64828   23   63 9978.65962 9939.04910  0.40%  55.0 1315s
 115209  8830     cutoff   23      9978.65962 9939.38392  0.39%  55.1 1320s
 115673  8730 9957.18589   26   59 9978.65962 9939.71316  0.39%  55.1 1325s
 116155  8634     cutoff   25      9978.65962 9939.91863  0.39%  55.1 1330s
 116629  8495 9968.56714   23   56 9978.65962 9940.27085  0.38%  55.1 1335s
 117103  8375 9976.74896   23   48 9978.65962 9940.73166  0.38%  55.1 1340s
 117546  8274 9977.84661   34   61 9978.65962 9941.06408  0.38%  55.1 1345s
 118036  8154 9975.34160   24   50 9978.65962 9941.38094  0.37%  55.0 1350s
 118536  8030     cutoff   29      9978.65962 9941.81638  0.37%  55.0 1355s
 119020  7910 9968.82851   27   56 9978.65962 9942.19125  0.37%  55.0 1360s
 119488  7778 9969.94218   24   61 9978.65962 9942.60438  0.36%  55.0 1365s
 119964  7638 9960.43905   32   59 9978.65962 9943.04673  0.36%  55.0 1370s
 120463  7502     cutoff   28      9978.65962 9943.44118  0.35%  55.0 1375s
 120954  7357 9977.09938   31   46 9978.65962 9943.85034  0.35%  55.0 1380s
 121445  7194 9958.57990   25   66 9978.65962 9944.32454  0.34%  55.0 1385s
 121856  7080 9975.01411   28   61 9978.65962 9944.69819  0.34%  55.0 1390s
 122316  6956 9976.50863   25   60 9978.65962 9945.05633  0.34%  55.0 1395s
 122806  6811 9972.33174   26   48 9978.65962 9945.52519  0.33%  54.9 1400s
 123324  6644 9977.76507   31   57 9978.65962 9946.01493  0.33%  54.9 1405s
 123829  6482 9961.01976   28   64 9978.65962 9946.47567  0.32%  54.9 1410s
 124334  6304     cutoff   24      9978.65962 9946.97395  0.32%  54.9 1415s
 124832  6116     cutoff   22      9978.65962 9947.61685  0.31%  54.9 1420s
 125331  5947 9969.15399   25   66 9978.65962 9948.08744  0.31%  54.9 1425s
 125848  5773 9976.40466   24   68 9978.65962 9948.61807  0.30%  54.9 1430s
 126359  5588 9965.42939   25   53 9978.65962 9949.18504  0.30%  54.8 1435s
 126878  5403     cutoff   28      9978.65962 9949.72617  0.29%  54.8 1440s
 127400  5196     cutoff   27      9978.65962 9950.35813  0.28%  54.8 1445s
 127941  4974     cutoff   31      9978.65962 9951.13604  0.28%  54.7 1450s
 128486  4767 9971.52136   30   63 9978.65962 9951.80984  0.27%  54.7 1455s
 128649  4708 9958.37150   23   69 9978.65962 9952.01698  0.27%  54.7 1465s
 129144  4495 9967.48319   25   24 9978.65962 9952.69797  0.26%  54.6 1470s
 129692  4234 9965.56848   32   36 9978.65962 9953.53891  0.25%  54.6 1475s
 130253  3968 9977.49650   31   41 9978.65962 9954.37694  0.24%  54.6 1480s
 130821  3678     cutoff   24      9978.65962 9955.34172  0.23%  54.5 1485s
 131178  3484 9957.71652   27   56 9978.65962 9956.00660  0.23%  54.5 1490s
 131738  3214 9974.29795   28   64 9978.65962 9957.04230  0.22%  54.4 1495s
 132336  2894     cutoff   28      9978.65962 9958.25921  0.20%  54.4 1500s
 132988  2549 9969.88699   27   58 9978.65962 9959.61907  0.19%  54.3 1505s
 133666  2105     cutoff   25      9978.65962 9961.59988  0.17%  54.2 1510s
 134287  1674 9966.99791   33   48 9978.65962 9963.80191  0.15%  54.1 1515s
 135082  1065     cutoff   27      9978.65962 9967.46441  0.11%  54.0 1520s
 136034   252     cutoff   28      9978.65962 9975.15144  0.04%  53.7 1525s

Cutting planes:
  Gomory: 3
  MIR: 1179
  Flow cover: 41

Explored 136287 nodes (7315777 simplex iterations) in 1525.98 seconds (1407.99 work units)
Thread count was 1 (of 1 available processors)

Solution count 10: 9978.66 10002.2 10010.2 ... 10225.8

Optimal solution found (tolerance 1.00e-06)
Best objective 9.978659615385e+03, best bound 9.978650653491e+03, gap 0.0001%

Gurobi 9.5.1 (linux64, C++) logging started Tue Jun 14 23:04:45 2022

Set parameter Username
Set parameter LogFile to value "mip.log"

Gurobi 9.5.1 (linux64, C++) logging started Sat Jun 18 15:31:51 2022

Set parameter Username
Set parameter LogFile to value "mip.log"
Academic license - for non-commercial use only - expires 2023-06-13
Set parameter TimeLimit to value 3600
Set parameter MIPGap to value 1e-06
Set parameter Threads to value 1
Gurobi Optimizer version 9.5.1 build v9.5.1rc2 (linux64)
Thread count: 1 physical cores, 1 logical processors, using up to 1 threads
Optimize a model with 0 rows, 0 columns and 0 nonzeros
Model fingerprint: 0xf9715da1
Coefficient statistics:
  Matrix range     [0e+00, 0e+00]
  Objective range  [0e+00, 0e+00]
  Bounds range     [0e+00, 0e+00]
  RHS range        [0e+00, 0e+00]
Presolve time: 0.00s
Presolve: All rows and columns removed
Iteration    Objective       Primal Inf.    Dual Inf.      Time
       0    0.0000000e+00   0.000000e+00   0.000000e+00      0s

Solved in 0 iterations and 0.00 seconds (0.00 work units)
Optimal objective  0.000000000e+00
